{"meta": {"version": "7.4.0", "timestamp": "2024-04-04T09:03:31.887115", "branch_coverage": true, "show_contexts": false}, "files": {"poly_llm/to_test/separate_paren_groups.py": {"executed_lines": [11, 12, 13, 15, 16, 17, 18, 19, 20, 21, 23, 24, 25, 27], "summary": {"covered_lines": 14, "num_statements": 16, "percent_covered": 91.66666666666667, "percent_covered_display": "92", "missing_lines": 2, "excluded_lines": 3, "num_branches": 8, "num_partial_branches": 0, "covered_branches": 8, "missing_branches": 0}, "missing_lines": [1, 3], "excluded_lines": [29, 30, 31], "executed_branches": [[15, 16], [15, 27], [16, 17], [16, 19], [19, 15], [19, 20], [23, 15], [23, 24]], "missing_branches": []}, "test_fewshots_newModel_separate_paren_groups.py": {"executed_lines": [2, 3], "summary": {"covered_lines": 2, "num_statements": 3, "percent_covered": 66.66666666666667, "percent_covered_display": "67", "missing_lines": 1, "excluded_lines": 0, "num_branches": 0, "num_partial_branches": 0, "covered_branches": 0, "missing_branches": 0}, "missing_lines": [1], "excluded_lines": [], "executed_branches": [], "missing_branches": []}}, "totals": {"covered_lines": 16, "num_statements": 19, "percent_covered": 88.88888888888889, "percent_covered_display": "89", "missing_lines": 3, "excluded_lines": 3, "num_branches": 8, "num_partial_branches": 0, "covered_branches": 8, "missing_branches": 0}}