{"meta": {"version": "7.4.0", "timestamp": "2024-04-04T23:46:18.707511", "branch_coverage": true, "show_contexts": false}, "files": {"poly_llm/to_test/find_closest_elements.py": {"executed_lines": [12, 13, 15, 16, 17, 18, 19, 20, 22, 23, 24, 25, 27], "summary": {"covered_lines": 13, "num_statements": 15, "percent_covered": 92.0, "percent_covered_display": "92", "missing_lines": 2, "excluded_lines": 3, "num_branches": 10, "num_partial_branches": 0, "covered_branches": 10, "missing_branches": 0}, "missing_lines": [1, 4], "excluded_lines": [29, 30, 31], "executed_branches": [[15, 16], [15, 27], [16, 15], [16, 17], [17, 16], [17, 18], [18, 19], [18, 22], [23, 16], [23, 24]], "missing_branches": []}, "test_different_fewshots1_length1_find_closest_elements.py": {"executed_lines": [2, 3, 4, 5], "summary": {"covered_lines": 4, "num_statements": 5, "percent_covered": 80.0, "percent_covered_display": "80", "missing_lines": 1, "excluded_lines": 0, "num_branches": 0, "num_partial_branches": 0, "covered_branches": 0, "missing_branches": 0}, "missing_lines": [1], "excluded_lines": [], "executed_branches": [], "missing_branches": []}}, "totals": {"covered_lines": 17, "num_statements": 20, "percent_covered": 90.0, "percent_covered_display": "90", "missing_lines": 3, "excluded_lines": 3, "num_branches": 10, "num_partial_branches": 0, "covered_branches": 10, "missing_branches": 0}}