{"meta": {"version": "7.4.0", "timestamp": "2024-04-04T14:20:57.358355", "branch_coverage": true, "show_contexts": false}, "files": {"poly_llm/to_test/separate_paren_groups.py": {"executed_lines": [11, 12, 13, 15, 16, 17, 18, 19, 20, 21, 23, 24, 25, 27], "summary": {"covered_lines": 14, "num_statements": 16, "percent_covered": 91.66666666666667, "percent_covered_display": "92", "missing_lines": 2, "excluded_lines": 3, "num_branches": 8, "num_partial_branches": 0, "covered_branches": 8, "missing_branches": 0}, "missing_lines": [1, 3], "excluded_lines": [29, 30, 31], "executed_branches": [[15, 16], [15, 27], [16, 17], [16, 19], [19, 15], [19, 20], [23, 15], [23, 24]], "missing_branches": []}, "test_different_fewshots2_length2_separate_paren_groups.py": {"executed_lines": [2, 3, 4, 5, 6, 7, 8, 9, 10, 11, 12, 13], "summary": {"covered_lines": 12, "num_statements": 13, "percent_covered": 92.3076923076923, "percent_covered_display": "92", "missing_lines": 1, "excluded_lines": 0, "num_branches": 0, "num_partial_branches": 0, "covered_branches": 0, "missing_branches": 0}, "missing_lines": [1], "excluded_lines": [], "executed_branches": [], "missing_branches": []}}, "totals": {"covered_lines": 26, "num_statements": 29, "percent_covered": 91.89189189189189, "percent_covered_display": "92", "missing_lines": 3, "excluded_lines": 3, "num_branches": 8, "num_partial_branches": 0, "covered_branches": 8, "missing_branches": 0}}