{"meta": {"format": 2, "version": "7.4.4", "timestamp": "2024-03-15T09:20:13.143907", "branch_coverage": true, "show_contexts": false}, "files": {"poly_llm\\to_test\\file_name_check.py": {"executed_lines": [16, 17, 18, 20, 22, 24, 25, 26, 27, 29], "summary": {"covered_lines": 10, "num_statements": 15, "percent_covered": 66.66666666666667, "percent_covered_display": "67", "missing_lines": 5, "excluded_lines": 4, "num_branches": 12, "num_partial_branches": 4, "covered_branches": 8, "missing_branches": 4}, "missing_lines": [2, 19, 21, 23, 28], "excluded_lines": [31, 32, 33, 34], "executed_branches": [[18, 20], [20, 22], [22, 24], [24, 25], [24, 26], [26, -26], [26, 26], [26, 27], [27, 29]], "missing_branches": [[18, 19], [20, 21], [22, 23], [27, 28]]}, "test_generated.py": {"executed_lines": [9, 10, 11, 12, 13, 14], "summary": {"covered_lines": 6, "num_statements": 14, "percent_covered": 42.857142857142854, "percent_covered_display": "43", "missing_lines": 8, "excluded_lines": 0, "num_branches": 0, "num_partial_branches": 0, "covered_branches": 0, "missing_branches": 0}, "missing_lines": [1, 2, 3, 4, 5, 6, 7, 8], "excluded_lines": [], "executed_branches": [], "missing_branches": []}}, "totals": {"covered_lines": 16, "num_statements": 29, "percent_covered": 58.53658536585366, "percent_covered_display": "59", "missing_lines": 13, "excluded_lines": 4, "num_branches": 12, "num_partial_branches": 4, "covered_branches": 8, "missing_branches": 4}}